!SESSION 2017-05-05 22:23:10.345 -----------------------------------------------
eclipse.buildId=3.6.1.201410201044
java.version=1.6.0_65
java.vendor=Apple Inc.
BootLoader constants: OS=macosx, ARCH=x86, WS=cocoa, NL=en_US
Framework arguments:  -keyring /Users/kathola/.eclipse_keyring -showlocation
Command-line arguments:  -os macosx -ws cocoa -arch x86 -keyring /Users/kathola/.eclipse_keyring -consoleLog -showlocation

!ENTRY org.eclipse.equinox.p2.transport.ecf 2 0 2017-05-05 22:23:25.935
!MESSAGE Connection to http://download.aptana.com/studio3-rcp/plugin/update/p2.index failed on download.aptana.com. Retry attempt 0 started
!STACK 0
java.net.UnknownHostException: download.aptana.com
	at java.net.Inet6AddressImpl.lookupAllHostAddr(Native Method)
	at java.net.InetAddress$1.lookupAllHostAddr(InetAddress.java:883)
	at java.net.InetAddress.getAddressFromNameService(InetAddress.java:1236)
	at java.net.InetAddress.getAllByName0(InetAddress.java:1187)
	at java.net.InetAddress.getAllByName(InetAddress.java:1117)
	at java.net.InetAddress.getAllByName(InetAddress.java:1053)
	at org.apache.http.impl.conn.SystemDefaultDnsResolver.resolve(SystemDefaultDnsResolver.java:45)
	at org.apache.http.impl.conn.DefaultClientConnectionOperator.resolveHostname(DefaultClientConnectionOperator.java:278)
	at org.apache.http.impl.conn.DefaultClientConnectionOperator.openConnection(DefaultClientConnectionOperator.java:162)
	at org.apache.http.impl.conn.AbstractPoolEntry.open(AbstractPoolEntry.java:151)
	at org.apache.http.impl.conn.AbstractPooledConnAdapter.open(AbstractPooledConnAdapter.java:125)
	at org.apache.http.impl.client.DefaultRequestDirector.tryConnect(DefaultRequestDirector.java:640)
	at org.apache.http.impl.client.DefaultRequestDirector.execute(DefaultRequestDirector.java:479)
	at org.apache.http.impl.client.AbstractHttpClient.execute(AbstractHttpClient.java:906)
	at org.apache.http.impl.client.AbstractHttpClient.execute(AbstractHttpClient.java:805)
	at org.eclipse.ecf.provider.filetransfer.httpclient4.HttpClientRetrieveFileTransfer.performConnect(HttpClientRetrieveFileTransfer.java:1074)
	at org.eclipse.ecf.provider.filetransfer.httpclient4.HttpClientRetrieveFileTransfer.openStreams(HttpClientRetrieveFileTransfer.java:621)
	at org.eclipse.ecf.provider.filetransfer.retrieve.AbstractRetrieveFileTransfer.sendRetrieveRequest(AbstractRetrieveFileTransfer.java:879)
	at org.eclipse.ecf.provider.filetransfer.retrieve.AbstractRetrieveFileTransfer.sendRetrieveRequest(AbstractRetrieveFileTransfer.java:570)
	at org.eclipse.ecf.provider.filetransfer.retrieve.MultiProtocolRetrieveAdapter.sendRetrieveRequest(MultiProtocolRetrieveAdapter.java:106)
	at org.eclipse.equinox.internal.p2.transport.ecf.FileReader.sendRetrieveRequest(FileReader.java:422)
	at org.eclipse.equinox.internal.p2.transport.ecf.FileReader.readInto(FileReader.java:355)
	at org.eclipse.equinox.internal.p2.transport.ecf.RepositoryTransport.download(RepositoryTransport.java:101)
	at org.eclipse.equinox.internal.p2.transport.ecf.RepositoryTransport.download(RepositoryTransport.java:156)
	at org.eclipse.equinox.internal.p2.repository.helpers.AbstractRepositoryManager.loadIndexFile(AbstractRepositoryManager.java:735)
	at org.eclipse.equinox.internal.p2.repository.helpers.AbstractRepositoryManager.loadRepository(AbstractRepositoryManager.java:657)
	at org.eclipse.equinox.internal.p2.metadata.repository.MetadataRepositoryManager.loadRepository(MetadataRepositoryManager.java:96)
	at org.eclipse.equinox.internal.p2.metadata.repository.MetadataRepositoryManager.loadRepository(MetadataRepositoryManager.java:92)
	at org.eclipse.equinox.internal.p2.updatechecker.UpdateChecker.getAvailableRepositories(UpdateChecker.java:150)
	at org.eclipse.equinox.internal.p2.updatechecker.UpdateChecker.checkForUpdates(UpdateChecker.java:128)
	at org.eclipse.equinox.internal.p2.updatechecker.UpdateChecker$UpdateCheckThread.run(UpdateChecker.java:72)

!ENTRY org.eclipse.equinox.p2.transport.ecf 4 1006 2017-05-05 22:23:26.326
!MESSAGE Unknown Host: http://download.aptana.com/studio3-rcp/plugin/update/content.xml
!STACK 0
java.net.UnknownHostException: download.aptana.com
	at java.net.InetAddress.getAllByName0(InetAddress.java:1191)
	at java.net.InetAddress.getAllByName(InetAddress.java:1117)
	at java.net.InetAddress.getAllByName(InetAddress.java:1053)
	at org.apache.http.impl.conn.SystemDefaultDnsResolver.resolve(SystemDefaultDnsResolver.java:45)
	at org.apache.http.impl.conn.DefaultClientConnectionOperator.resolveHostname(DefaultClientConnectionOperator.java:278)
	at org.apache.http.impl.conn.DefaultClientConnectionOperator.openConnection(DefaultClientConnectionOperator.java:162)
	at org.apache.http.impl.conn.ManagedClientConnectionImpl.open(ManagedClientConnectionImpl.java:294)
	at org.apache.http.impl.client.DefaultRequestDirector.tryConnect(DefaultRequestDirector.java:640)
	at org.apache.http.impl.client.DefaultRequestDirector.execute(DefaultRequestDirector.java:479)
	at org.apache.http.impl.client.AbstractHttpClient.execute(AbstractHttpClient.java:906)
	at org.apache.http.impl.client.AbstractHttpClient.execute(AbstractHttpClient.java:805)
	at org.eclipse.ecf.provider.filetransfer.httpclient4.HttpClientFileSystemBrowser.runRequest(HttpClientFileSystemBrowser.java:263)
	at org.eclipse.ecf.provider.filetransfer.browse.AbstractFileSystemBrowser$DirectoryJob.run(AbstractFileSystemBrowser.java:69)
	at org.eclipse.core.internal.jobs.Worker.run(Worker.java:53)

!ENTRY org.eclipse.ui 4 4 2017-05-05 22:24:44.474
!MESSAGE An internal error has occurred.
!STACK 0
java.lang.ArrayIndexOutOfBoundsException: 0
	at org.python.pydev.ui.pythonpathconf.AutoConfigMaker.promptToSelectInterpreter(AutoConfigMaker.java:345)
	at org.python.pydev.ui.pythonpathconf.AutoConfigMaker.autoConfigSearch(AutoConfigMaker.java:207)
	at org.python.pydev.ui.pythonpathconf.AutoConfigMaker.autoConfigSingleApply(AutoConfigMaker.java:117)
	at org.python.pydev.ui.interpreters.AbstractInterpreterManager$ConfigureInterpreterJob.runInUIThread(AbstractInterpreterManager.java:288)
	at org.eclipse.ui.progress.UIJob$1.run(UIJob.java:95)
	at org.eclipse.swt.widgets.RunnableLock.run(RunnableLock.java:35)
	at org.eclipse.swt.widgets.Synchronizer.runAsyncMessages(Synchronizer.java:135)
	at org.eclipse.swt.widgets.Display.runAsyncMessages(Display.java:3976)
	at org.eclipse.swt.widgets.Display.readAndDispatch(Display.java:3653)
	at org.eclipse.e4.ui.internal.workbench.swt.PartRenderingEngine$9.run(PartRenderingEngine.java:1113)
	at org.eclipse.core.databinding.observable.Realm.runWithDefault(Realm.java:332)
	at org.eclipse.e4.ui.internal.workbench.swt.PartRenderingEngine.run(PartRenderingEngine.java:997)
	at org.eclipse.e4.ui.internal.workbench.E4Workbench.createAndRunUI(E4Workbench.java:140)
	at org.eclipse.ui.internal.Workbench$5.run(Workbench.java:611)
	at org.eclipse.core.databinding.observable.Realm.runWithDefault(Realm.java:332)
	at org.eclipse.ui.internal.Workbench.createAndRunWorkbench(Workbench.java:567)
	at org.eclipse.ui.PlatformUI.createAndRunWorkbench(PlatformUI.java:150)
	at com.aptana.rcp.IDEApplication.start(IDEApplication.java:126)
	at org.eclipse.equinox.internal.app.EclipseAppHandle.run(EclipseAppHandle.java:196)
	at org.eclipse.core.runtime.internal.adaptor.EclipseAppLauncher.runApplication(EclipseAppLauncher.java:110)
	at org.eclipse.core.runtime.internal.adaptor.EclipseAppLauncher.start(EclipseAppLauncher.java:79)
	at org.eclipse.core.runtime.adaptor.EclipseStarter.run(EclipseStarter.java:354)
	at org.eclipse.core.runtime.adaptor.EclipseStarter.run(EclipseStarter.java:181)
	at sun.reflect.NativeMethodAccessorImpl.invoke0(Native Method)
	at sun.reflect.NativeMethodAccessorImpl.invoke(NativeMethodAccessorImpl.java:39)
	at sun.reflect.DelegatingMethodAccessorImpl.invoke(DelegatingMethodAccessorImpl.java:25)
	at java.lang.reflect.Method.invoke(Method.java:597)
	at org.eclipse.equinox.launcher.Main.invokeFramework(Main.java:636)
	at org.eclipse.equinox.launcher.Main.basicRun(Main.java:591)
	at org.eclipse.equinox.launcher.Main.run(Main.java:1450)

!ENTRY org.eclipse.ui 4 4 2017-05-05 22:24:53.999
!MESSAGE An internal error has occurred.
!STACK 0
java.lang.ArrayIndexOutOfBoundsException: 0
	at org.python.pydev.ui.pythonpathconf.AutoConfigMaker.promptToSelectInterpreter(AutoConfigMaker.java:345)
	at org.python.pydev.ui.pythonpathconf.AutoConfigMaker.autoConfigSearch(AutoConfigMaker.java:207)
	at org.python.pydev.ui.pythonpathconf.AutoConfigMaker.autoConfigSingleApply(AutoConfigMaker.java:117)
	at org.python.pydev.ui.interpreters.AbstractInterpreterManager$ConfigureInterpreterJob.runInUIThread(AbstractInterpreterManager.java:288)
	at org.eclipse.ui.progress.UIJob$1.run(UIJob.java:95)
	at org.eclipse.swt.widgets.RunnableLock.run(RunnableLock.java:35)
	at org.eclipse.swt.widgets.Synchronizer.runAsyncMessages(Synchronizer.java:135)
	at org.eclipse.swt.widgets.Display.runAsyncMessages(Display.java:3976)
	at org.eclipse.swt.widgets.Display.readAndDispatch(Display.java:3653)
	at org.eclipse.e4.ui.internal.workbench.swt.PartRenderingEngine$9.run(PartRenderingEngine.java:1113)
	at org.eclipse.core.databinding.observable.Realm.runWithDefault(Realm.java:332)
	at org.eclipse.e4.ui.internal.workbench.swt.PartRenderingEngine.run(PartRenderingEngine.java:997)
	at org.eclipse.e4.ui.internal.workbench.E4Workbench.createAndRunUI(E4Workbench.java:140)
	at org.eclipse.ui.internal.Workbench$5.run(Workbench.java:611)
	at org.eclipse.core.databinding.observable.Realm.runWithDefault(Realm.java:332)
	at org.eclipse.ui.internal.Workbench.createAndRunWorkbench(Workbench.java:567)
	at org.eclipse.ui.PlatformUI.createAndRunWorkbench(PlatformUI.java:150)
	at com.aptana.rcp.IDEApplication.start(IDEApplication.java:126)
	at org.eclipse.equinox.internal.app.EclipseAppHandle.run(EclipseAppHandle.java:196)
	at org.eclipse.core.runtime.internal.adaptor.EclipseAppLauncher.runApplication(EclipseAppLauncher.java:110)
	at org.eclipse.core.runtime.internal.adaptor.EclipseAppLauncher.start(EclipseAppLauncher.java:79)
	at org.eclipse.core.runtime.adaptor.EclipseStarter.run(EclipseStarter.java:354)
	at org.eclipse.core.runtime.adaptor.EclipseStarter.run(EclipseStarter.java:181)
	at sun.reflect.NativeMethodAccessorImpl.invoke0(Native Method)
	at sun.reflect.NativeMethodAccessorImpl.invoke(NativeMethodAccessorImpl.java:39)
	at sun.reflect.DelegatingMethodAccessorImpl.invoke(DelegatingMethodAccessorImpl.java:25)
	at java.lang.reflect.Method.invoke(Method.java:597)
	at org.eclipse.equinox.launcher.Main.invokeFramework(Main.java:636)
	at org.eclipse.equinox.launcher.Main.basicRun(Main.java:591)
	at org.eclipse.equinox.launcher.Main.run(Main.java:1450)

!ENTRY org.python.pydev.shared_core 1 1 2017-05-05 22:25:13.147
!MESSAGE - Ok, file is non-null. Getting info on:/usr/bin/python
- Beggining task:Getting libs totalWork:100
- Setting task name:Mounting executable string...
- Setting task name:Executing:  /usr/bin/python -u "/Applications/Aptana Studio 3/plugins/org.python.pydev_3.0.0.1388187472/pysrc/interpreterInfo.py"
- Setting task name:Making pythonpath environment... /usr/bin/python -u "/Applications/Aptana Studio 3/plugins/org.python.pydev_3.0.0.1388187472/pysrc/interpreterInfo.py"
- Setting task name:Making exec... /usr/bin/python -u "/Applications/Aptana Studio 3/plugins/org.python.pydev_3.0.0.1388187472/pysrc/interpreterInfo.py"
- Setting task name:Reading output...
- Setting task name:Waiting for process to finish.
- Success getting the info. Result:<xml>
<name>python</name>
<version>2.7</version>
<executable>/usr/bin/python</executable>
<lib>/System/Library/Frameworks/Python.framework/Versions/2.7/lib/python2.7</lib>
<lib>/System/Library/Frameworks/Python.framework/Versions/2.7/lib/python2.7/plat-darwin</lib>
<lib>/System/Library/Frameworks/Python.framework/Versions/2.7/lib/python2.7/plat-mac</lib>
<lib>/System/Library/Frameworks/Python.framework/Versions/2.7/lib/python2.7/plat-mac/lib-scriptpackages</lib>
<lib>/System/Library/Frameworks/Python.framework/Versions/2.7/Extras/lib/python</lib>
<lib>/System/Library/Frameworks/Python.framework/Versions/2.7/lib/python2.7/lib-tk</lib>
<lib>/System/Library/Frameworks/Python.framework/Versions/2.7/lib/python2.7/lib-dynload</lib>
<lib>/System/Library/Frameworks/Python.framework/Versions/2.7/Extras/lib/python/PyObjC</lib>
<lib>/Library/Python/2.7/site-packages</lib>
<forced_lib>Image</forced_lib>
<forced_lib>OpenGL</forced_lib>
<forced_lib>__builtin__</forced_lib>
<forced_lib>__main__</forced_lib>
<forced_lib>_ast</forced_lib>
<forced_lib>_bisect</forced_lib>
<forced_lib>_bytesio</forced_lib>
<forced_lib>_codecs</forced_lib>
<forced_lib>_codecs_cn</forced_lib>
<forced_lib>_codecs_hk</forced_lib>
<forced_lib>_codecs_iso2022</forced_lib>
<forced_lib>_codecs_jp</forced_lib>
<forced_lib>_codecs_kr</forced_lib>
<forced_lib>_codecs_tw</forced_lib>
<forced_lib>_collections</forced_lib>
<forced_lib>_csv</forced_lib>
<forced_lib>_fileio</forced_lib>
<forced_lib>_functools</forced_lib>
<forced_lib>_heapq</forced_lib>
<forced_lib>_hotshot</forced_lib>
<forced_lib>_json</forced_lib>
<forced_lib>_locale</forced_lib>
<forced_lib>_lsprof</forced_lib>
<forced_lib>_md5</forced_lib>
<forced_lib>_multibytecodec</forced_lib>
<forced_lib>_random</forced_lib>
<forced_lib>_sha</forced_lib>
<forced_lib>_sha256</forced_lib>
<forced_lib>_sha512</forced_lib>
<forced_lib>_sre</forced_lib>
<forced_lib>_struct</forced_lib>
<forced_lib>_subprocess</forced_lib>
<forced_lib>_symtable</forced_lib>
<forced_lib>_warnings</forced_lib>
<forced_lib>_weakref</forced_lib>
<forced_lib>_winreg</forced_lib>
<forced_lib>array</forced_lib>
<forced_lib>audioop</forced_lib>
<forced_lib>binascii</forced_lib>
<forced_lib>cPickle</forced_lib>
<forced_lib>cStringIO</forced_lib>
<forced_lib>cmath</forced_lib>
<forced_lib>datetime</forced_lib>
<forced_lib>email</forced_lib>
<forced_lib>errno</forced_lib>
<forced_lib>exceptions</forced_lib>
<forced_lib>future_builtins</forced_lib>
<forced_lib>gc</forced_lib>
<forced_lib>hashlib</forced_lib>
<forced_lib>imageop</forced_lib>
<forced_lib>imp</forced_lib>
<forced_lib>itertools</forced_lib>
<forced_lib>marshal</forced_lib>
<forced_lib>math</forced_lib>
<forced_lib>mmap</forced_lib>
<forced_lib>msvcrt</forced_lib>
<forced_lib>nt</forced_lib>
<forced_lib>numpy</forced_lib>
<forced_lib>operator</forced_lib>
<forced_lib>os</forced_lib>
<forced_lib>os.path</forced_lib>
<forced_lib>parser</forced_lib>
<forced_lib>posix</forced_lib>
<forced_lib>pwd</forced_lib>
<forced_lib>pytest</forced_lib>
<forced_lib>scipy</forced_lib>
<forced_lib>signal</forced_lib>
<forced_lib>socket</forced_lib>
<forced_lib>strop</forced_lib>
<forced_lib>sys</forced_lib>
<forced_lib>thread</forced_lib>
<forced_lib>time</forced_lib>
<forced_lib>wx</forced_lib>
<forced_lib>wxPython</forced_lib>
<forced_lib>xxsubtype</forced_lib>
<forced_lib>zipimport</forced_lib>
<forced_lib>zlib</forced_lib>
</xml>
- Ok, file is non-null. Getting info on:/System/Library/Frameworks/Python.framework/Versions/2.6/bin/python2.6
- Beggining task:Getting libs totalWork:100
- Setting task name:Mounting executable string...
- Setting task name:Executing:  /System/Library/Frameworks/Python.framework/Versions/2.6/bin/python2.6 -u "/Applications/Aptana Studio 3/plugins/org.python.pydev_3.0.0.1388187472/pysrc/interpreterInfo.py"
- Setting task name:Making pythonpath environment... /System/Library/Frameworks/Python.framework/Versions/2.6/bin/python2.6 -u "/Applications/Aptana Studio 3/plugins/org.python.pydev_3.0.0.1388187472/pysrc/interpreterInfo.py"
- Setting task name:Making exec... /System/Library/Frameworks/Python.framework/Versions/2.6/bin/python2.6 -u "/Applications/Aptana Studio 3/plugins/org.python.pydev_3.0.0.1388187472/pysrc/interpreterInfo.py"
- Setting task name:Reading output...
- Setting task name:Waiting for process to finish.
- Success getting the info. Result:<xml>
<name>python</name>
<version>2.6</version>
<executable>/System/Library/Frameworks/Python.framework/Versions/2.6/bin/python2.6</executable>
<lib>/System/Library/Frameworks/Python.framework/Versions/2.6/lib/python2.6</lib>
<lib>/System/Library/Frameworks/Python.framework/Versions/2.6/lib/python2.6/plat-darwin</lib>
<lib>/System/Library/Frameworks/Python.framework/Versions/2.6/lib/python2.6/plat-mac</lib>
<lib>/System/Library/Frameworks/Python.framework/Versions/2.6/lib/python2.6/plat-mac/lib-scriptpackages</lib>
<lib>/System/Library/Frameworks/Python.framework/Versions/2.6/Extras/lib/python</lib>
<lib>/System/Library/Frameworks/Python.framework/Versions/2.6/lib/python2.6/lib-tk</lib>
<lib>/System/Library/Frameworks/Python.framework/Versions/2.6/lib/python2.6/lib-dynload</lib>
<lib>/Library/Python/2.6/site-packages</lib>
<lib>/System/Library/Frameworks/Python.framework/Versions/2.6/Extras/lib/python/PyObjC</lib>
<forced_lib>Image</forced_lib>
<forced_lib>OpenGL</forced_lib>
<forced_lib>__builtin__</forced_lib>
<forced_lib>__main__</forced_lib>
<forced_lib>_ast</forced_lib>
<forced_lib>_bisect</forced_lib>
<forced_lib>_bytesio</forced_lib>
<forced_lib>_codecs</forced_lib>
<forced_lib>_codecs_cn</forced_lib>
<forced_lib>_codecs_hk</forced_lib>
<forced_lib>_codecs_iso2022</forced_lib>
<forced_lib>_codecs_jp</forced_lib>
<forced_lib>_codecs_kr</forced_lib>
<forced_lib>_codecs_tw</forced_lib>
<forced_lib>_collections</forced_lib>
<forced_lib>_csv</forced_lib>
<forced_lib>_fileio</forced_lib>
<forced_lib>_functools</forced_lib>
<forced_lib>_heapq</forced_lib>
<forced_lib>_hotshot</forced_lib>
<forced_lib>_json</forced_lib>
<forced_lib>_locale</forced_lib>
<forced_lib>_lsprof</forced_lib>
<forced_lib>_md5</forced_lib>
<forced_lib>_multibytecodec</forced_lib>
<forced_lib>_random</forced_lib>
<forced_lib>_sha</forced_lib>
<forced_lib>_sha256</forced_lib>
<forced_lib>_sha512</forced_lib>
<forced_lib>_sre</forced_lib>
<forced_lib>_struct</forced_lib>
<forced_lib>_subprocess</forced_lib>
<forced_lib>_symtable</forced_lib>
<forced_lib>_warnings</forced_lib>
<forced_lib>_weakref</forced_lib>
<forced_lib>_winreg</forced_lib>
<forced_lib>array</forced_lib>
<forced_lib>audioop</forced_lib>
<forced_lib>binascii</forced_lib>
<forced_lib>cPickle</forced_lib>
<forced_lib>cStringIO</forced_lib>
<forced_lib>cmath</forced_lib>
<forced_lib>datetime</forced_lib>
<forced_lib>email</forced_lib>
<forced_lib>errno</forced_lib>
<forced_lib>exceptions</forced_lib>
<forced_lib>future_builtins</forced_lib>
<forced_lib>gc</forced_lib>
<forced_lib>hashlib</forced_lib>
<forced_lib>imageop</forced_lib>
<forced_lib>imp</forced_lib>
<forced_lib>itertools</forced_lib>
<forced_lib>marshal</forced_lib>
<forced_lib>math</forced_lib>
<forced_lib>mmap</forced_lib>
<forced_lib>msvcrt</forced_lib>
<forced_lib>nt</forced_lib>
<forced_lib>numpy</forced_lib>
<forced_lib>operator</forced_lib>
<forced_lib>os</forced_lib>
<forced_lib>os.path</forced_lib>
<forced_lib>parser</forced_lib>
<forced_lib>posix</forced_lib>
<forced_lib>pwd</forced_lib>
<forced_lib>pytest</forced_lib>
<forced_lib>scipy</forced_lib>
<forced_lib>signal</forced_lib>
<forced_lib>socket</forced_lib>
<forced_lib>strop</forced_lib>
<forced_lib>sys</forced_lib>
<forced_lib>thread</forced_lib>
<forced_lib>time</forced_lib>
<forced_lib>wx</forced_lib>
<forced_lib>wxPython</forced_lib>
<forced_lib>xxsubtype</forced_lib>
<forced_lib>zipimport</forced_lib>
<forced_lib>zlib</forced_lib>
</xml>
- Ok, file is non-null. Getting info on:/System/Library/Frameworks/Python.framework/Versions/2.7/bin/python2.7
- Beggining task:Getting libs totalWork:100
- Setting task name:Mounting executable string...
- Setting task name:Executing:  /System/Library/Frameworks/Python.framework/Versions/2.7/bin/python2.7 -u "/Applications/Aptana Studio 3/plugins/org.python.pydev_3.0.0.1388187472/pysrc/interpreterInfo.py"
- Setting task name:Making pythonpath environment... /System/Library/Frameworks/Python.framework/Versions/2.7/bin/python2.7 -u "/Applications/Aptana Studio 3/plugins/org.python.pydev_3.0.0.1388187472/pysrc/interpreterInfo.py"
- Setting task name:Making exec... /System/Library/Frameworks/Python.framework/Versions/2.7/bin/python2.7 -u "/Applications/Aptana Studio 3/plugins/org.python.pydev_3.0.0.1388187472/pysrc/interpreterInfo.py"
- Setting task name:Reading output...
- Setting task name:Waiting for process to finish.
- Success getting the info. Result:<xml>
<name>python</name>
<version>2.7</version>
<executable>/System/Library/Frameworks/Python.framework/Versions/2.7/bin/python2.7</executable>
<lib>/System/Library/Frameworks/Python.framework/Versions/2.7/lib/python2.7</lib>
<lib>/System/Library/Frameworks/Python.framework/Versions/2.7/lib/python2.7/plat-darwin</lib>
<lib>/System/Library/Frameworks/Python.framework/Versions/2.7/lib/python2.7/plat-mac</lib>
<lib>/System/Library/Frameworks/Python.framework/Versions/2.7/lib/python2.7/plat-mac/lib-scriptpackages</lib>
<lib>/System/Library/Frameworks/Python.framework/Versions/2.7/Extras/lib/python</lib>
<lib>/System/Library/Frameworks/Python.framework/Versions/2.7/lib/python2.7/lib-tk</lib>
<lib>/System/Library/Frameworks/Python.framework/Versions/2.7/lib/python2.7/lib-dynload</lib>
<lib>/System/Library/Frameworks/Python.framework/Versions/2.7/Extras/lib/python/PyObjC</lib>
<lib>/Library/Python/2.7/site-packages</lib>
<forced_lib>Image</forced_lib>
<forced_lib>OpenGL</forced_lib>
<forced_lib>__builtin__</forced_lib>
<forced_lib>__main__</forced_lib>
<forced_lib>_ast</forced_lib>
<forced_lib>_bisect</forced_lib>
<forced_lib>_bytesio</forced_lib>
<forced_lib>_codecs</forced_lib>
<forced_lib>_codecs_cn</forced_lib>
<forced_lib>_codecs_hk</forced_lib>
<forced_lib>_codecs_iso2022</forced_lib>
<forced_lib>_codecs_jp</forced_lib>
<forced_lib>_codecs_kr</forced_lib>
<forced_lib>_codecs_tw</forced_lib>
<forced_lib>_collections</forced_lib>
<forced_lib>_csv</forced_lib>
<forced_lib>_fileio</forced_lib>
<forced_lib>_functools</forced_lib>
<forced_lib>_heapq</forced_lib>
<forced_lib>_hotshot</forced_lib>
<forced_lib>_json</forced_lib>
<forced_lib>_locale</forced_lib>
<forced_lib>_lsprof</forced_lib>
<forced_lib>_md5</forced_lib>
<forced_lib>_multibytecodec</forced_lib>
<forced_lib>_random</forced_lib>
<forced_lib>_sha</forced_lib>
<forced_lib>_sha256</forced_lib>
<forced_lib>_sha512</forced_lib>
<forced_lib>_sre</forced_lib>
<forced_lib>_struct</forced_lib>
<forced_lib>_subprocess</forced_lib>
<forced_lib>_symtable</forced_lib>
<forced_lib>_warnings</forced_lib>
<forced_lib>_weakref</forced_lib>
<forced_lib>_winreg</forced_lib>
<forced_lib>array</forced_lib>
<forced_lib>audioop</forced_lib>
<forced_lib>binascii</forced_lib>
<forced_lib>cPickle</forced_lib>
<forced_lib>cStringIO</forced_lib>
<forced_lib>cmath</forced_lib>
<forced_lib>datetime</forced_lib>
<forced_lib>email</forced_lib>
<forced_lib>errno</forced_lib>
<forced_lib>exceptions</forced_lib>
<forced_lib>future_builtins</forced_lib>
<forced_lib>gc</forced_lib>
<forced_lib>hashlib</forced_lib>
<forced_lib>imageop</forced_lib>
<forced_lib>imp</forced_lib>
<forced_lib>itertools</forced_lib>
<forced_lib>marshal</forced_lib>
<forced_lib>math</forced_lib>
<forced_lib>mmap</forced_lib>
<forced_lib>msvcrt</forced_lib>
<forced_lib>nt</forced_lib>
<forced_lib>numpy</forced_lib>
<forced_lib>operator</forced_lib>
<forced_lib>os</forced_lib>
<forced_lib>os.path</forced_lib>
<forced_lib>parser</forced_lib>
<forced_lib>posix</forced_lib>
<forced_lib>pwd</forced_lib>
<forced_lib>pytest</forced_lib>
<forced_lib>scipy</forced_lib>
<forced_lib>signal</forced_lib>
<forced_lib>socket</forced_lib>
<forced_lib>strop</forced_lib>
<forced_lib>sys</forced_lib>
<forced_lib>thread</forced_lib>
<forced_lib>time</forced_lib>
<forced_lib>wx</forced_lib>
<forced_lib>wxPython</forced_lib>
<forced_lib>xxsubtype</forced_lib>
<forced_lib>zipimport</forced_lib>
<forced_lib>zlib</forced_lib>
</xml>
- Ok, file is non-null. Getting info on:/System/Library/Frameworks/Python.framework/Versions/2.7/bin/python2.7
- Beggining task:Getting libs totalWork:100
- Setting task name:Mounting executable string...
- Setting task name:Executing:  /System/Library/Frameworks/Python.framework/Versions/2.7/bin/python2.7 -u "/Applications/Aptana Studio 3/plugins/org.python.pydev_3.0.0.1388187472/pysrc/interpreterInfo.py"
- Setting task name:Making pythonpath environment... /System/Library/Frameworks/Python.framework/Versions/2.7/bin/python2.7 -u "/Applications/Aptana Studio 3/plugins/org.python.pydev_3.0.0.1388187472/pysrc/interpreterInfo.py"
- Setting task name:Making exec... /System/Library/Frameworks/Python.framework/Versions/2.7/bin/python2.7 -u "/Applications/Aptana Studio 3/plugins/org.python.pydev_3.0.0.1388187472/pysrc/interpreterInfo.py"
- Setting task name:Reading output...
- Setting task name:Waiting for process to finish.
- Success getting the info. Result:<xml>
<name>python</name>
<version>2.7</version>
<executable>/System/Library/Frameworks/Python.framework/Versions/2.7/bin/python2.7</executable>
<lib>/System/Library/Frameworks/Python.framework/Versions/2.7/lib/python2.7</lib>
<lib>/System/Library/Frameworks/Python.framework/Versions/2.7/lib/python2.7/plat-darwin</lib>
<lib>/System/Library/Frameworks/Python.framework/Versions/2.7/lib/python2.7/plat-mac</lib>
<lib>/System/Library/Frameworks/Python.framework/Versions/2.7/lib/python2.7/plat-mac/lib-scriptpackages</lib>
<lib>/System/Library/Frameworks/Python.framework/Versions/2.7/Extras/lib/python</lib>
<lib>/System/Library/Frameworks/Python.framework/Versions/2.7/lib/python2.7/lib-tk</lib>
<lib>/System/Library/Frameworks/Python.framework/Versions/2.7/lib/python2.7/lib-dynload</lib>
<lib>/System/Library/Frameworks/Python.framework/Versions/2.7/Extras/lib/python/PyObjC</lib>
<lib>/Library/Python/2.7/site-packages</lib>
<forced_lib>Image</forced_lib>
<forced_lib>OpenGL</forced_lib>
<forced_lib>__builtin__</forced_lib>
<forced_lib>__main__</forced_lib>
<forced_lib>_ast</forced_lib>
<forced_lib>_bisect</forced_lib>
<forced_lib>_bytesio</forced_lib>
<forced_lib>_codecs</forced_lib>
<forced_lib>_codecs_cn</forced_lib>
<forced_lib>_codecs_hk</forced_lib>
<forced_lib>_codecs_iso2022</forced_lib>
<forced_lib>_codecs_jp</forced_lib>
<forced_lib>_codecs_kr</forced_lib>
<forced_lib>_codecs_tw</forced_lib>
<forced_lib>_collections</forced_lib>
<forced_lib>_csv</forced_lib>
<forced_lib>_fileio</forced_lib>
<forced_lib>_functools</forced_lib>
<forced_lib>_heapq</forced_lib>
<forced_lib>_hotshot</forced_lib>
<forced_lib>_json</forced_lib>
<forced_lib>_locale</forced_lib>
<forced_lib>_lsprof</forced_lib>
<forced_lib>_md5</forced_lib>
<forced_lib>_multibytecodec</forced_lib>
<forced_lib>_random</forced_lib>
<forced_lib>_sha</forced_lib>
<forced_lib>_sha256</forced_lib>
<forced_lib>_sha512</forced_lib>
<forced_lib>_sre</forced_lib>
<forced_lib>_struct</forced_lib>
<forced_lib>_subprocess</forced_lib>
<forced_lib>_symtable</forced_lib>
<forced_lib>_warnings</forced_lib>
<forced_lib>_weakref</forced_lib>
<forced_lib>_winreg</forced_lib>
<forced_lib>array</forced_lib>
<forced_lib>audioop</forced_lib>
<forced_lib>binascii</forced_lib>
<forced_lib>cPickle</forced_lib>
<forced_lib>cStringIO</forced_lib>
<forced_lib>cmath</forced_lib>
<forced_lib>datetime</forced_lib>
<forced_lib>email</forced_lib>
<forced_lib>errno</forced_lib>
<forced_lib>exceptions</forced_lib>
<forced_lib>future_builtins</forced_lib>
<forced_lib>gc</forced_lib>
<forced_lib>hashlib</forced_lib>
<forced_lib>imageop</forced_lib>
<forced_lib>imp</forced_lib>
<forced_lib>itertools</forced_lib>
<forced_lib>marshal</forced_lib>
<forced_lib>math</forced_lib>
<forced_lib>mmap</forced_lib>
<forced_lib>msvcrt</forced_lib>
<forced_lib>nt</forced_lib>
<forced_lib>numpy</forced_lib>
<forced_lib>operator</forced_lib>
<forced_lib>os</forced_lib>
<forced_lib>os.path</forced_lib>
<forced_lib>parser</forced_lib>
<forced_lib>posix</forced_lib>
<forced_lib>pwd</forced_lib>
<forced_lib>pytest</forced_lib>
<forced_lib>scipy</forced_lib>
<forced_lib>signal</forced_lib>
<forced_lib>socket</forced_lib>
<forced_lib>strop</forced_lib>
<forced_lib>sys</forced_lib>
<forced_lib>thread</forced_lib>
<forced_lib>time</forced_lib>
<forced_lib>wx</forced_lib>
<forced_lib>wxPython</forced_lib>
<forced_lib>xxsubtype</forced_lib>
<forced_lib>zipimport</forced_lib>
<forced_lib>zlib</forced_lib>
</xml>

!STACK 0
java.lang.RuntimeException: - Ok, file is non-null. Getting info on:/usr/bin/python
- Beggining task:Getting libs totalWork:100
- Setting task name:Mounting executable string...
- Setting task name:Executing:  /usr/bin/python -u "/Applications/Aptana Studio 3/plugins/org.python.pydev_3.0.0.1388187472/pysrc/interpreterInfo.py"
- Setting task name:Making pythonpath environment... /usr/bin/python -u "/Applications/Aptana Studio 3/plugins/org.python.pydev_3.0.0.1388187472/pysrc/interpreterInfo.py"
- Setting task name:Making exec... /usr/bin/python -u "/Applications/Aptana Studio 3/plugins/org.python.pydev_3.0.0.1388187472/pysrc/interpreterInfo.py"
- Setting task name:Reading output...
- Setting task name:Waiting for process to finish.
- Success getting the info. Result:<xml>
<name>python</name>
<version>2.7</version>
<executable>/usr/bin/python</executable>
<lib>/System/Library/Frameworks/Python.framework/Versions/2.7/lib/python2.7</lib>
<lib>/System/Library/Frameworks/Python.framework/Versions/2.7/lib/python2.7/plat-darwin</lib>
<lib>/System/Library/Frameworks/Python.framework/Versions/2.7/lib/python2.7/plat-mac</lib>
<lib>/System/Library/Frameworks/Python.framework/Versions/2.7/lib/python2.7/plat-mac/lib-scriptpackages</lib>
<lib>/System/Library/Frameworks/Python.framework/Versions/2.7/Extras/lib/python</lib>
<lib>/System/Library/Frameworks/Python.framework/Versions/2.7/lib/python2.7/lib-tk</lib>
<lib>/System/Library/Frameworks/Python.framework/Versions/2.7/lib/python2.7/lib-dynload</lib>
<lib>/System/Library/Frameworks/Python.framework/Versions/2.7/Extras/lib/python/PyObjC</lib>
<lib>/Library/Python/2.7/site-packages</lib>
<forced_lib>Image</forced_lib>
<forced_lib>OpenGL</forced_lib>
<forced_lib>__builtin__</forced_lib>
<forced_lib>__main__</forced_lib>
<forced_lib>_ast</forced_lib>
<forced_lib>_bisect</forced_lib>
<forced_lib>_bytesio</forced_lib>
<forced_lib>_codecs</forced_lib>
<forced_lib>_codecs_cn</forced_lib>
<forced_lib>_codecs_hk</forced_lib>
<forced_lib>_codecs_iso2022</forced_lib>
<forced_lib>_codecs_jp</forced_lib>
<forced_lib>_codecs_kr</forced_lib>
<forced_lib>_codecs_tw</forced_lib>
<forced_lib>_collections</forced_lib>
<forced_lib>_csv</forced_lib>
<forced_lib>_fileio</forced_lib>
<forced_lib>_functools</forced_lib>
<forced_lib>_heapq</forced_lib>
<forced_lib>_hotshot</forced_lib>
<forced_lib>_json</forced_lib>
<forced_lib>_locale</forced_lib>
<forced_lib>_lsprof</forced_lib>
<forced_lib>_md5</forced_lib>
<forced_lib>_multibytecodec</forced_lib>
<forced_lib>_random</forced_lib>
<forced_lib>_sha</forced_lib>
<forced_lib>_sha256</forced_lib>
<forced_lib>_sha512</forced_lib>
<forced_lib>_sre</forced_lib>
<forced_lib>_struct</forced_lib>
<forced_lib>_subprocess</forced_lib>
<forced_lib>_symtable</forced_lib>
<forced_lib>_warnings</forced_lib>
<forced_lib>_weakref</forced_lib>
<forced_lib>_winreg</forced_lib>
<forced_lib>array</forced_lib>
<forced_lib>audioop</forced_lib>
<forced_lib>binascii</forced_lib>
<forced_lib>cPickle</forced_lib>
<forced_lib>cStringIO</forced_lib>
<forced_lib>cmath</forced_lib>
<forced_lib>datetime</forced_lib>
<forced_lib>email</forced_lib>
<forced_lib>errno</forced_lib>
<forced_lib>exceptions</forced_lib>
<forced_lib>future_builtins</forced_lib>
<forced_lib>gc</forced_lib>
<forced_lib>hashlib</forced_lib>
<forced_lib>imageop</forced_lib>
<forced_lib>imp</forced_lib>
<forced_lib>itertools</forced_lib>
<forced_lib>marshal</forced_lib>
<forced_lib>math</forced_lib>
<forced_lib>mmap</forced_lib>
<forced_lib>msvcrt</forced_lib>
<forced_lib>nt</forced_lib>
<forced_lib>numpy</forced_lib>
<forced_lib>operator</forced_lib>
<forced_lib>os</forced_lib>
<forced_lib>os.path</forced_lib>
<forced_lib>parser</forced_lib>
<forced_lib>posix</forced_lib>
<forced_lib>pwd</forced_lib>
<forced_lib>pytest</forced_lib>
<forced_lib>scipy</forced_lib>
<forced_lib>signal</forced_lib>
<forced_lib>socket</forced_lib>
<forced_lib>strop</forced_lib>
<forced_lib>sys</forced_lib>
<forced_lib>thread</forced_lib>
<forced_lib>time</forced_lib>
<forced_lib>wx</forced_lib>
<forced_lib>wxPython</forced_lib>
<forced_lib>xxsubtype</forced_lib>
<forced_lib>zipimport</forced_lib>
<forced_lib>zlib</forced_lib>
</xml>
- Ok, file is non-null. Getting info on:/System/Library/Frameworks/Python.framework/Versions/2.6/bin/python2.6
- Beggining task:Getting libs totalWork:100
- Setting task name:Mounting executable string...
- Setting task name:Executing:  /System/Library/Frameworks/Python.framework/Versions/2.6/bin/python2.6 -u "/Applications/Aptana Studio 3/plugins/org.python.pydev_3.0.0.1388187472/pysrc/interpreterInfo.py"
- Setting task name:Making pythonpath environment... /System/Library/Frameworks/Python.framework/Versions/2.6/bin/python2.6 -u "/Applications/Aptana Studio 3/plugins/org.python.pydev_3.0.0.1388187472/pysrc/interpreterInfo.py"
- Setting task name:Making exec... /System/Library/Frameworks/Python.framework/Versions/2.6/bin/python2.6 -u "/Applications/Aptana Studio 3/plugins/org.python.pydev_3.0.0.1388187472/pysrc/interpreterInfo.py"
- Setting task name:Reading output...
- Setting task name:Waiting for process to finish.
- Success getting the info. Result:<xml>
<name>python</name>
<version>2.6</version>
<executable>/System/Library/Frameworks/Python.framework/Versions/2.6/bin/python2.6</executable>
<lib>/System/Library/Frameworks/Python.framework/Versions/2.6/lib/python2.6</lib>
<lib>/System/Library/Frameworks/Python.framework/Versions/2.6/lib/python2.6/plat-darwin</lib>
<lib>/System/Library/Frameworks/Python.framework/Versions/2.6/lib/python2.6/plat-mac</lib>
<lib>/System/Library/Frameworks/Python.framework/Versions/2.6/lib/python2.6/plat-mac/lib-scriptpackages</lib>
<lib>/System/Library/Frameworks/Python.framework/Versions/2.6/Extras/lib/python</lib>
<lib>/System/Library/Frameworks/Python.framework/Versions/2.6/lib/python2.6/lib-tk</lib>
<lib>/System/Library/Frameworks/Python.framework/Versions/2.6/lib/python2.6/lib-dynload</lib>
<lib>/Library/Python/2.6/site-packages</lib>
<lib>/System/Library/Frameworks/Python.framework/Versions/2.6/Extras/lib/python/PyObjC</lib>
<forced_lib>Image</forced_lib>
<forced_lib>OpenGL</forced_lib>
<forced_lib>__builtin__</forced_lib>
<forced_lib>__main__</forced_lib>
<forced_lib>_ast</forced_lib>
<forced_lib>_bisect</forced_lib>
<forced_lib>_bytesio</forced_lib>
<forced_lib>_codecs</forced_lib>
<forced_lib>_codecs_cn</forced_lib>
<forced_lib>_codecs_hk</forced_lib>
<forced_lib>_codecs_iso2022</forced_lib>
<forced_lib>_codecs_jp</forced_lib>
<forced_lib>_codecs_kr</forced_lib>
<forced_lib>_codecs_tw</forced_lib>
<forced_lib>_collections</forced_lib>
<forced_lib>_csv</forced_lib>
<forced_lib>_fileio</forced_lib>
<forced_lib>_functools</forced_lib>
<forced_lib>_heapq</forced_lib>
<forced_lib>_hotshot</forced_lib>
<forced_lib>_json</forced_lib>
<forced_lib>_locale</forced_lib>
<forced_lib>_lsprof</forced_lib>
<forced_lib>_md5</forced_lib>
<forced_lib>_multibytecodec</forced_lib>
<forced_lib>_random</forced_lib>
<forced_lib>_sha</forced_lib>
<forced_lib>_sha256</forced_lib>
<forced_lib>_sha512</forced_lib>
<forced_lib>_sre</forced_lib>
<forced_lib>_struct</forced_lib>
<forced_lib>_subprocess</forced_lib>
<forced_lib>_symtable</forced_lib>
<forced_lib>_warnings</forced_lib>
<forced_lib>_weakref</forced_lib>
<forced_lib>_winreg</forced_lib>
<forced_lib>array</forced_lib>
<forced_lib>audioop</forced_lib>
<forced_lib>binascii</forced_lib>
<forced_lib>cPickle</forced_lib>
<forced_lib>cStringIO</forced_lib>
<forced_lib>cmath</forced_lib>
<forced_lib>datetime</forced_lib>
<forced_lib>email</forced_lib>
<forced_lib>errno</forced_lib>
<forced_lib>exceptions</forced_lib>
<forced_lib>future_builtins</forced_lib>
<forced_lib>gc</forced_lib>
<forced_lib>hashlib</forced_lib>
<forced_lib>imageop</forced_lib>
<forced_lib>imp</forced_lib>
<forced_lib>itertools</forced_lib>
<forced_lib>marshal</forced_lib>
<forced_lib>math</forced_lib>
<forced_lib>mmap</forced_lib>
<forced_lib>msvcrt</forced_lib>
<forced_lib>nt</forced_lib>
<forced_lib>numpy</forced_lib>
<forced_lib>operator</forced_lib>
<forced_lib>os</forced_lib>
<forced_lib>os.path</forced_lib>
<forced_lib>parser</forced_lib>
<forced_lib>posix</forced_lib>
<forced_lib>pwd</forced_lib>
<forced_lib>pytest</forced_lib>
<forced_lib>scipy</forced_lib>
<forced_lib>signal</forced_lib>
<forced_lib>socket</forced_lib>
<forced_lib>strop</forced_lib>
<forced_lib>sys</forced_lib>
<forced_lib>thread</forced_lib>
<forced_lib>time</forced_lib>
<forced_lib>wx</forced_lib>
<forced_lib>wxPython</forced_lib>
<forced_lib>xxsubtype</forced_lib>
<forced_lib>zipimport</forced_lib>
<forced_lib>zlib</forced_lib>
</xml>
- Ok, file is non-null. Getting info on:/System/Library/Frameworks/Python.framework/Versions/2.7/bin/python2.7
- Beggining task:Getting libs totalWork:100
- Setting task name:Mounting executable string...
- Setting task name:Executing:  /System/Library/Frameworks/Python.framework/Versions/2.7/bin/python2.7 -u "/Applications/Aptana Studio 3/plugins/org.python.pydev_3.0.0.1388187472/pysrc/interpreterInfo.py"
- Setting task name:Making pythonpath environment... /System/Library/Frameworks/Python.framework/Versions/2.7/bin/python2.7 -u "/Applications/Aptana Studio 3/plugins/org.python.pydev_3.0.0.1388187472/pysrc/interpreterInfo.py"
- Setting task name:Making exec... /System/Library/Frameworks/Python.framework/Versions/2.7/bin/python2.7 -u "/Applications/Aptana Studio 3/plugins/org.python.pydev_3.0.0.1388187472/pysrc/interpreterInfo.py"
- Setting task name:Reading output...
- Setting task name:Waiting for process to finish.
- Success getting the info. Result:<xml>
<name>python</name>
<version>2.7</version>
<executable>/System/Library/Frameworks/Python.framework/Versions/2.7/bin/python2.7</executable>
<lib>/System/Library/Frameworks/Python.framework/Versions/2.7/lib/python2.7</lib>
<lib>/System/Library/Frameworks/Python.framework/Versions/2.7/lib/python2.7/plat-darwin</lib>
<lib>/System/Library/Frameworks/Python.framework/Versions/2.7/lib/python2.7/plat-mac</lib>
<lib>/System/Library/Frameworks/Python.framework/Versions/2.7/lib/python2.7/plat-mac/lib-scriptpackages</lib>
<lib>/System/Library/Frameworks/Python.framework/Versions/2.7/Extras/lib/python</lib>
<lib>/System/Library/Frameworks/Python.framework/Versions/2.7/lib/python2.7/lib-tk</lib>
<lib>/System/Library/Frameworks/Python.framework/Versions/2.7/lib/python2.7/lib-dynload</lib>
<lib>/System/Library/Frameworks/Python.framework/Versions/2.7/Extras/lib/python/PyObjC</lib>
<lib>/Library/Python/2.7/site-packages</lib>
<forced_lib>Image</forced_lib>
<forced_lib>OpenGL</forced_lib>
<forced_lib>__builtin__</forced_lib>
<forced_lib>__main__</forced_lib>
<forced_lib>_ast</forced_lib>
<forced_lib>_bisect</forced_lib>
<forced_lib>_bytesio</forced_lib>
<forced_lib>_codecs</forced_lib>
<forced_lib>_codecs_cn</forced_lib>
<forced_lib>_codecs_hk</forced_lib>
<forced_lib>_codecs_iso2022</forced_lib>
<forced_lib>_codecs_jp</forced_lib>
<forced_lib>_codecs_kr</forced_lib>
<forced_lib>_codecs_tw</forced_lib>
<forced_lib>_collections</forced_lib>
<forced_lib>_csv</forced_lib>
<forced_lib>_fileio</forced_lib>
<forced_lib>_functools</forced_lib>
<forced_lib>_heapq</forced_lib>
<forced_lib>_hotshot</forced_lib>
<forced_lib>_json</forced_lib>
<forced_lib>_locale</forced_lib>
<forced_lib>_lsprof</forced_lib>
<forced_lib>_md5</forced_lib>
<forced_lib>_multibytecodec</forced_lib>
<forced_lib>_random</forced_lib>
<forced_lib>_sha</forced_lib>
<forced_lib>_sha256</forced_lib>
<forced_lib>_sha512</forced_lib>
<forced_lib>_sre</forced_lib>
<forced_lib>_struct</forced_lib>
<forced_lib>_subprocess</forced_lib>
<forced_lib>_symtable</forced_lib>
<forced_lib>_warnings</forced_lib>
<forced_lib>_weakref</forced_lib>
<forced_lib>_winreg</forced_lib>
<forced_lib>array</forced_lib>
<forced_lib>audioop</forced_lib>
<forced_lib>binascii</forced_lib>
<forced_lib>cPickle</forced_lib>
<forced_lib>cStringIO</forced_lib>
<forced_lib>cmath</forced_lib>
<forced_lib>datetime</forced_lib>
<forced_lib>email</forced_lib>
<forced_lib>errno</forced_lib>
<forced_lib>exceptions</forced_lib>
<forced_lib>future_builtins</forced_lib>
<forced_lib>gc</forced_lib>
<forced_lib>hashlib</forced_lib>
<forced_lib>imageop</forced_lib>
<forced_lib>imp</forced_lib>
<forced_lib>itertools</forced_lib>
<forced_lib>marshal</forced_lib>
<forced_lib>math</forced_lib>
<forced_lib>mmap</forced_lib>
<forced_lib>msvcrt</forced_lib>
<forced_lib>nt</forced_lib>
<forced_lib>numpy</forced_lib>
<forced_lib>operator</forced_lib>
<forced_lib>os</forced_lib>
<forced_lib>os.path</forced_lib>
<forced_lib>parser</forced_lib>
<forced_lib>posix</forced_lib>
<forced_lib>pwd</forced_lib>
<forced_lib>pytest</forced_lib>
<forced_lib>scipy</forced_lib>
<forced_lib>signal</forced_lib>
<forced_lib>socket</forced_lib>
<forced_lib>strop</forced_lib>
<forced_lib>sys</forced_lib>
<forced_lib>thread</forced_lib>
<forced_lib>time</forced_lib>
<forced_lib>wx</forced_lib>
<forced_lib>wxPython</forced_lib>
<forced_lib>xxsubtype</forced_lib>
<forced_lib>zipimport</forced_lib>
<forced_lib>zlib</forced_lib>
</xml>
- Ok, file is non-null. Getting info on:/System/Library/Frameworks/Python.framework/Versions/2.7/bin/python2.7
- Beggining task:Getting libs totalWork:100
- Setting task name:Mounting executable string...
- Setting task name:Executing:  /System/Library/Frameworks/Python.framework/Versions/2.7/bin/python2.7 -u "/Applications/Aptana Studio 3/plugins/org.python.pydev_3.0.0.1388187472/pysrc/interpreterInfo.py"
- Setting task name:Making pythonpath environment... /System/Library/Frameworks/Python.framework/Versions/2.7/bin/python2.7 -u "/Applications/Aptana Studio 3/plugins/org.python.pydev_3.0.0.1388187472/pysrc/interpreterInfo.py"
- Setting task name:Making exec... /System/Library/Frameworks/Python.framework/Versions/2.7/bin/python2.7 -u "/Applications/Aptana Studio 3/plugins/org.python.pydev_3.0.0.1388187472/pysrc/interpreterInfo.py"
- Setting task name:Reading output...
- Setting task name:Waiting for process to finish.
- Success getting the info. Result:<xml>
<name>python</name>
<version>2.7</version>
<executable>/System/Library/Frameworks/Python.framework/Versions/2.7/bin/python2.7</executable>
<lib>/System/Library/Frameworks/Python.framework/Versions/2.7/lib/python2.7</lib>
<lib>/System/Library/Frameworks/Python.framework/Versions/2.7/lib/python2.7/plat-darwin</lib>
<lib>/System/Library/Frameworks/Python.framework/Versions/2.7/lib/python2.7/plat-mac</lib>
<lib>/System/Library/Frameworks/Python.framework/Versions/2.7/lib/python2.7/plat-mac/lib-scriptpackages</lib>
<lib>/System/Library/Frameworks/Python.framework/Versions/2.7/Extras/lib/python</lib>
<lib>/System/Library/Frameworks/Python.framework/Versions/2.7/lib/python2.7/lib-tk</lib>
<lib>/System/Library/Frameworks/Python.framework/Versions/2.7/lib/python2.7/lib-dynload</lib>
<lib>/System/Library/Frameworks/Python.framework/Versions/2.7/Extras/lib/python/PyObjC</lib>
<lib>/Library/Python/2.7/site-packages</lib>
<forced_lib>Image</forced_lib>
<forced_lib>OpenGL</forced_lib>
<forced_lib>__builtin__</forced_lib>
<forced_lib>__main__</forced_lib>
<forced_lib>_ast</forced_lib>
<forced_lib>_bisect</forced_lib>
<forced_lib>_bytesio</forced_lib>
<forced_lib>_codecs</forced_lib>
<forced_lib>_codecs_cn</forced_lib>
<forced_lib>_codecs_hk</forced_lib>
<forced_lib>_codecs_iso2022</forced_lib>
<forced_lib>_codecs_jp</forced_lib>
<forced_lib>_codecs_kr</forced_lib>
<forced_lib>_codecs_tw</forced_lib>
<forced_lib>_collections</forced_lib>
<forced_lib>_csv</forced_lib>
<forced_lib>_fileio</forced_lib>
<forced_lib>_functools</forced_lib>
<forced_lib>_heapq</forced_lib>
<forced_lib>_hotshot</forced_lib>
<forced_lib>_json</forced_lib>
<forced_lib>_locale</forced_lib>
<forced_lib>_lsprof</forced_lib>
<forced_lib>_md5</forced_lib>
<forced_lib>_multibytecodec</forced_lib>
<forced_lib>_random</forced_lib>
<forced_lib>_sha</forced_lib>
<forced_lib>_sha256</forced_lib>
<forced_lib>_sha512</forced_lib>
<forced_lib>_sre</forced_lib>
<forced_lib>_struct</forced_lib>
<forced_lib>_subprocess</forced_lib>
<forced_lib>_symtable</forced_lib>
<forced_lib>_warnings</forced_lib>
<forced_lib>_weakref</forced_lib>
<forced_lib>_winreg</forced_lib>
<forced_lib>array</forced_lib>
<forced_lib>audioop</forced_lib>
<forced_lib>binascii</forced_lib>
<forced_lib>cPickle</forced_lib>
<forced_lib>cStringIO</forced_lib>
<forced_lib>cmath</forced_lib>
<forced_lib>datetime</forced_lib>
<forced_lib>email</forced_lib>
<forced_lib>errno</forced_lib>
<forced_lib>exceptions</forced_lib>
<forced_lib>future_builtins</forced_lib>
<forced_lib>gc</forced_lib>
<forced_lib>hashlib</forced_lib>
<forced_lib>imageop</forced_lib>
<forced_lib>imp</forced_lib>
<forced_lib>itertools</forced_lib>
<forced_lib>marshal</forced_lib>
<forced_lib>math</forced_lib>
<forced_lib>mmap</forced_lib>
<forced_lib>msvcrt</forced_lib>
<forced_lib>nt</forced_lib>
<forced_lib>numpy</forced_lib>
<forced_lib>operator</forced_lib>
<forced_lib>os</forced_lib>
<forced_lib>os.path</forced_lib>
<forced_lib>parser</forced_lib>
<forced_lib>posix</forced_lib>
<forced_lib>pwd</forced_lib>
<forced_lib>pytest</forced_lib>
<forced_lib>scipy</forced_lib>
<forced_lib>signal</forced_lib>
<forced_lib>socket</forced_lib>
<forced_lib>strop</forced_lib>
<forced_lib>sys</forced_lib>
<forced_lib>thread</forced_lib>
<forced_lib>time</forced_lib>
<forced_lib>wx</forced_lib>
<forced_lib>wxPython</forced_lib>
<forced_lib>xxsubtype</forced_lib>
<forced_lib>zipimport</forced_lib>
<forced_lib>zlib</forced_lib>
</xml>

	at org.python.pydev.core.log.Log.logInfo(Log.java:66)
	at org.python.pydev.ui.pythonpathconf.AutoConfigMaker.autoConfigSingleApply(AutoConfigMaker.java:177)
	at org.python.pydev.ui.interpreters.AbstractInterpreterManager$ConfigureInterpreterJob.runInUIThread(AbstractInterpreterManager.java:288)
	at org.eclipse.ui.progress.UIJob$1.run(UIJob.java:95)
	at org.eclipse.swt.widgets.RunnableLock.run(RunnableLock.java:35)
	at org.eclipse.swt.widgets.Synchronizer.runAsyncMessages(Synchronizer.java:135)
	at org.eclipse.swt.widgets.Display.runAsyncMessages(Display.java:3976)
	at org.eclipse.swt.widgets.Display.readAndDispatch(Display.java:3653)
	at org.eclipse.e4.ui.internal.workbench.swt.PartRenderingEngine$9.run(PartRenderingEngine.java:1113)
	at org.eclipse.core.databinding.observable.Realm.runWithDefault(Realm.java:332)
	at org.eclipse.e4.ui.internal.workbench.swt.PartRenderingEngine.run(PartRenderingEngine.java:997)
	at org.eclipse.e4.ui.internal.workbench.E4Workbench.createAndRunUI(E4Workbench.java:140)
	at org.eclipse.ui.internal.Workbench$5.run(Workbench.java:611)
	at org.eclipse.core.databinding.observable.Realm.runWithDefault(Realm.java:332)
	at org.eclipse.ui.internal.Workbench.createAndRunWorkbench(Workbench.java:567)
	at org.eclipse.ui.PlatformUI.createAndRunWorkbench(PlatformUI.java:150)
	at com.aptana.rcp.IDEApplication.start(IDEApplication.java:126)
	at org.eclipse.equinox.internal.app.EclipseAppHandle.run(EclipseAppHandle.java:196)
	at org.eclipse.core.runtime.internal.adaptor.EclipseAppLauncher.runApplication(EclipseAppLauncher.java:110)
	at org.eclipse.core.runtime.internal.adaptor.EclipseAppLauncher.start(EclipseAppLauncher.java:79)
	at org.eclipse.core.runtime.adaptor.EclipseStarter.run(EclipseStarter.java:354)
	at org.eclipse.core.runtime.adaptor.EclipseStarter.run(EclipseStarter.java:181)
	at sun.reflect.NativeMethodAccessorImpl.invoke0(Native Method)
	at sun.reflect.NativeMethodAccessorImpl.invoke(NativeMethodAccessorImpl.java:39)
	at sun.reflect.DelegatingMethodAccessorImpl.invoke(DelegatingMethodAccessorImpl.java:25)
	at java.lang.reflect.Method.invoke(Method.java:597)
	at org.eclipse.equinox.launcher.Main.invokeFramework(Main.java:636)
	at org.eclipse.equinox.launcher.Main.basicRun(Main.java:591)
	at org.eclipse.equinox.launcher.Main.run(Main.java:1450)

!ENTRY org.python.pydev.shared_core 1 1 2017-05-05 22:25:13.153
!MESSAGE Restoring info for: /System/Library/Frameworks/Python.framework/Versions/2.7/bin/python2.7
!STACK 0
java.lang.RuntimeException: Restoring info for: /System/Library/Frameworks/Python.framework/Versions/2.7/bin/python2.7
	at org.python.pydev.ui.interpreters.AbstractInterpreterManager.getInterpretersFromPersistedString(AbstractInterpreterManager.java:508)
	at org.python.pydev.ui.interpreters.AbstractInterpreterManager.internalRecreateCacheGetInterpreterInfos(AbstractInterpreterManager.java:335)
	at org.python.pydev.ui.interpreters.AbstractInterpreterManager.setInfos(AbstractInterpreterManager.java:632)
	at org.python.pydev.ui.pythonpathconf.AutoConfigMaker$1.run(AutoConfigMaker.java:137)
	at org.eclipse.core.internal.jobs.Worker.run(Worker.java:53)
Caused by: java.io.IOException: Expecting: /Users/kathola/Desktop/Refugee Reporting/Web/dataviz17/.metadata/.plugins/org.python.pydev/v1_e001omqa6h0k6bsdh9i0wambv/modulesKeys to exist (and be a file).
	at org.python.pydev.editor.codecompletion.revisited.ModulesManager.loadFromFile(ModulesManager.java:266)
	at org.python.pydev.editor.codecompletion.revisited.SystemModulesManager.load(SystemModulesManager.java:360)
	at org.python.pydev.ui.interpreters.AbstractInterpreterManager.getInterpretersFromPersistedString(AbstractInterpreterManager.java:506)
	... 4 more

!ENTRY org.python.pydev.shared_core 1 1 2017-05-05 22:25:14.619
!MESSAGE Finished restoring information for: /System/Library/Frameworks/Python.framework/Versions/2.7/bin/python2.7 at: /Users/kathola/Desktop/Refugee Reporting/Web/dataviz17/.metadata/.plugins/org.python.pydev/v1_e001omqa6h0k6bsdh9i0wambv
!STACK 0
java.lang.RuntimeException: Finished restoring information for: /System/Library/Frameworks/Python.framework/Versions/2.7/bin/python2.7 at: /Users/kathola/Desktop/Refugee Reporting/Web/dataviz17/.metadata/.plugins/org.python.pydev/v1_e001omqa6h0k6bsdh9i0wambv
	at org.python.pydev.core.log.Log.logInfo(Log.java:66)
	at org.python.pydev.ui.interpreters.AbstractInterpreterManager.getInterpretersFromPersistedString(AbstractInterpreterManager.java:553)
	at org.python.pydev.ui.interpreters.AbstractInterpreterManager.internalRecreateCacheGetInterpreterInfos(AbstractInterpreterManager.java:335)
	at org.python.pydev.ui.interpreters.AbstractInterpreterManager.setInfos(AbstractInterpreterManager.java:632)
	at org.python.pydev.ui.pythonpathconf.AutoConfigMaker$1.run(AutoConfigMaker.java:137)
	at org.eclipse.core.internal.jobs.Worker.run(Worker.java:53)

!ENTRY org.python.pydev.shared_core 4 4 2017-05-05 22:25:15.056
!MESSAGE Info: Rebuilding internal caches: /Users/kathola/Desktop/Refugee Reporting/Web/dataviz17/.metadata/.plugins/com.python.pydev.analysis/python_v1_e001omqa6h0k6bsdh9i0wambv/python.pydevsysteminfo (Expected error to be provided and got no error!)

!ENTRY org.python.pydev.shared_core 4 4 2017-05-05 22:25:17.943
!MESSAGE The encoding found: >>string-escape<< on /System/Library/Frameworks/Python.framework/Versions/2.7/lib/python2.7/test/bad_coding3.py is not a valid encoding.
!STACK 0
java.io.UnsupportedEncodingException: The encoding found: >>string-escape<< on /System/Library/Frameworks/Python.framework/Versions/2.7/lib/python2.7/test/bad_coding3.py is not a valid encoding.
	at org.python.pydev.shared_core.io.FileUtils.getValidEncoding(FileUtils.java:718)
	at org.python.pydev.shared_core.io.FileUtils.getPythonFileEncoding(FileUtils.java:679)
	at org.python.pydev.shared_core.io.FileUtils.getPythonFileEncoding(FileUtils.java:751)
	at org.python.pydev.core.FileUtilsFileBuffer.getCustomReturnFromFile(FileUtilsFileBuffer.java:172)
	at com.python.pydev.analysis.additionalinfo.AbstractAdditionalTokensInfo.addAstInfo(AbstractAdditionalTokensInfo.java:280)
	at com.python.pydev.analysis.additionalinfo.AbstractAdditionalInfoWithBuild.restoreInfoForModuleManager(AbstractAdditionalInfoWithBuild.java:254)
	at com.python.pydev.analysis.additionalinfo.AdditionalSystemInterpreterInfo.recreateAllInfo(AdditionalSystemInterpreterInfo.java:158)
	at com.python.pydev.analysis.additionalinfo.AdditionalSystemInterpreterInfo.getAdditionalSystemInfo(AdditionalSystemInterpreterInfo.java:134)
	at com.python.pydev.analysis.additionalinfo.AdditionalSystemInterpreterInfo.getAdditionalSystemInfo(AdditionalSystemInterpreterInfo.java:103)
	at com.python.pydev.analysis.additionalinfo.AdditionalSystemInterpreterInfo.recreateAllInfo(AdditionalSystemInterpreterInfo.java:150)
	at com.python.pydev.analysis.additionalinfo.builders.InterpreterObserver.notifyDefaultPythonpathRestored(InterpreterObserver.java:35)
	at org.python.pydev.ui.interpreters.AbstractInterpreterManager.restorePythopathForInterpreters(AbstractInterpreterManager.java:700)
	at org.python.pydev.ui.interpreters.AbstractInterpreterManager.setInfos(AbstractInterpreterManager.java:634)
	at org.python.pydev.ui.pythonpathconf.AutoConfigMaker$1.run(AutoConfigMaker.java:137)
	at org.eclipse.core.internal.jobs.Worker.run(Worker.java:53)

!ENTRY org.python.pydev.shared_core 4 4 2017-05-05 22:26:42.453
!MESSAGE Port not bound (found port -1). Is there an enabled firewall?
!STACK 0
java.io.IOException: Port not bound (found port -1). Is there an enabled firewall?
	at org.python.pydev.shared_core.net.SocketUtil.checkValidPort(SocketUtil.java:69)
	at org.python.pydev.editor.codecompletion.shell.AbstractShell.startIt(AbstractShell.java:440)
	at org.python.pydev.editor.codecompletion.shell.AbstractShell.getServerShell(AbstractShell.java:322)
	at org.python.pydev.editor.codecompletion.shell.AbstractShell.getServerShell(AbstractShell.java:255)
	at org.python.pydev.editor.codecompletion.revisited.modules.CompiledModule.<init>(CompiledModule.java:150)
	at org.python.pydev.editor.codecompletion.revisited.modules.CompiledModule.<init>(CompiledModule.java:125)
	at org.python.pydev.editor.codecompletion.revisited.SystemModulesManager.getBuiltinModule(SystemModulesManager.java:298)
	at org.python.pydev.editor.codecompletion.revisited.SystemModulesManager.getBuiltinModule(SystemModulesManager.java:1)
	at org.python.pydev.ui.interpreters.AbstractInterpreterManager.getBuiltinMod(AbstractInterpreterManager.java:138)
	at org.python.pydev.ui.interpreters.AbstractInterpreterManager.getBuiltinCompletions(AbstractInterpreterManager.java:114)
	at org.python.pydev.plugin.nature.SystemPythonNature.getBuiltinCompletions(SystemPythonNature.java:260)
	at org.python.pydev.editor.codecompletion.revisited.AbstractASTManager.getBuiltinComps(AbstractASTManager.java:975)
	at org.python.pydev.editor.codecompletion.revisited.AbstractASTManager.getBuiltinCompletions(AbstractASTManager.java:961)
	at org.python.pydev.editor.codecompletion.revisited.AbstractASTManager.getGlobalCompletions(AbstractASTManager.java:938)
	at org.python.pydev.editor.codecompletion.revisited.AbstractASTManager.internalGenerateGetCompletionsForModule(AbstractASTManager.java:662)
	at org.python.pydev.editor.codecompletion.revisited.AbstractASTManager.getCompletionsForModule(AbstractASTManager.java:541)
	at org.python.pydev.editor.codecompletion.revisited.AbstractASTManager.getCompletionsForModule(AbstractASTManager.java:510)
	at org.python.pydev.editor.codecompletion.revisited.AbstractASTManager.getCompletionsForModule(AbstractASTManager.java:502)
	at org.python.pydev.editor.codecompletion.revisited.modules.SourceModule.findGlobalTokDef(SourceModule.java:973)
	at org.python.pydev.editor.codecompletion.revisited.modules.SourceModule.findDefinitionsFromModAndTok(SourceModule.java:922)
	at org.python.pydev.editor.codecompletion.revisited.modules.SourceModule.findDefinition(SourceModule.java:904)
	at org.python.pydev.editor.codecompletion.revisited.modules.SourceModule.findDefinition(SourceModule.java:663)
	at org.python.pydev.editor.codecompletion.revisited.modules.SourceModule.findDefinition(SourceModule.java:1)
	at org.python.pydev.editor.refactoring.PyRefactoringFindDefinition.findActualDefinition(PyRefactoringFindDefinition.java:177)
	at org.python.pydev.editor.refactoring.PyRefactoringFindDefinition.findActualDefinition(PyRefactoringFindDefinition.java:79)
	at org.python.pydev.editor.hover.PyTextHover.getDocstringHover(PyTextHover.java:205)
	at org.python.pydev.editor.hover.PyTextHover.getHoverInfo(PyTextHover.java:149)
	at org.eclipse.jface.text.TextViewerHoverManager$4.run(TextViewerHoverManager.java:168)

!ENTRY org.python.pydev.shared_core 4 4 2017-05-05 22:33:52.888
!MESSAGE Error while getting info for module:__builtin__. Project: null
!STACK 0
java.lang.RuntimeException: Unable to create shell for CompiledModule: __builtin__
	at org.python.pydev.editor.codecompletion.revisited.modules.CompiledModule.getGlobalTokens(CompiledModule.java:329)
	at org.python.pydev.editor.codecompletion.revisited.AbstractASTManager.internalGenerateGetCompletionsForModule(AbstractASTManager.java:715)
	at org.python.pydev.editor.codecompletion.revisited.AbstractASTManager.getCompletionsForModule(AbstractASTManager.java:541)
	at org.python.pydev.editor.codecompletion.revisited.AbstractASTManager.getCompletionsForModule(AbstractASTManager.java:510)
	at org.python.pydev.editor.codecompletion.revisited.AbstractASTManager.getCompletionsForModule(AbstractASTManager.java:502)
	at org.python.pydev.editor.codecompletion.revisited.AbstractASTManager.getCompletionsForModule(AbstractASTManager.java:493)
	at org.python.pydev.editor.codecompletion.revisited.AbstractASTManager.internalGenerateGetCompletionsForModule(AbstractASTManager.java:723)
	at org.python.pydev.editor.codecompletion.revisited.AbstractASTManager.getCompletionsForModule(AbstractASTManager.java:541)
	at org.python.pydev.editor.codecompletion.revisited.AbstractASTManager.getCompletionsForModule(AbstractASTManager.java:510)
	at org.python.pydev.editor.codecompletion.revisited.AbstractASTManager.getCompletionsForModule(AbstractASTManager.java:502)
	at org.python.pydev.editor.codecompletion.revisited.modules.SourceModule.findGlobalTokDef(SourceModule.java:973)
	at org.python.pydev.editor.codecompletion.revisited.modules.SourceModule.findDefinitionsFromModAndTok(SourceModule.java:922)
	at org.python.pydev.editor.codecompletion.revisited.modules.SourceModule.findDefinition(SourceModule.java:904)
	at org.python.pydev.editor.codecompletion.revisited.modules.SourceModule.findDefinition(SourceModule.java:663)
	at org.python.pydev.editor.codecompletion.revisited.modules.SourceModule.findDefinition(SourceModule.java:1)
	at org.python.pydev.editor.refactoring.PyRefactoringFindDefinition.findActualDefinition(PyRefactoringFindDefinition.java:177)
	at org.python.pydev.editor.refactoring.PyRefactoringFindDefinition.findActualDefinition(PyRefactoringFindDefinition.java:79)
	at com.python.pydev.refactoring.refactorer.RefactorerFindDefinition.findDefinition(RefactorerFindDefinition.java:60)
	at com.python.pydev.refactoring.refactorer.Refactorer.findDefinition(Refactorer.java:73)
	at com.python.pydev.refactoring.wizards.rename.PyRenameEntryPoint.checkInitialConditions(PyRenameEntryPoint.java:183)
	at com.python.pydev.refactoring.markoccurrences.MarkOccurrencesJob.checkAnnotations(MarkOccurrencesJob.java:223)
	at com.python.pydev.refactoring.markoccurrences.MarkOccurrencesJob.run(MarkOccurrencesJob.java:127)
	at org.eclipse.core.internal.jobs.Worker.run(Worker.java:53)
Caused by: java.io.IOException: Port not bound (found port -1). Is there an enabled firewall?
	at org.python.pydev.shared_core.net.SocketUtil.checkValidPort(SocketUtil.java:69)
	at org.python.pydev.editor.codecompletion.shell.AbstractShell.startIt(AbstractShell.java:440)
	at org.python.pydev.editor.codecompletion.shell.AbstractShell.getServerShell(AbstractShell.java:322)
	at org.python.pydev.editor.codecompletion.shell.AbstractShell.getServerShell(AbstractShell.java:255)
	at org.python.pydev.editor.codecompletion.revisited.modules.CompiledModule.getGlobalTokens(CompiledModule.java:327)
	... 22 more

!ENTRY org.python.pydev.shared_core 4 4 2017-05-05 22:34:17.831
!MESSAGE Port not bound (found port -1). Is there an enabled firewall?
!STACK 0
java.io.IOException: Port not bound (found port -1). Is there an enabled firewall?
	at org.python.pydev.shared_core.net.SocketUtil.checkValidPort(SocketUtil.java:69)
	at org.python.pydev.editor.codecompletion.shell.AbstractShell.startIt(AbstractShell.java:440)
	at org.python.pydev.editor.codecompletion.shell.AbstractShell.getServerShell(AbstractShell.java:322)
	at org.python.pydev.editor.codecompletion.shell.AbstractShell.getServerShell(AbstractShell.java:255)
	at org.python.pydev.editor.codecompletion.revisited.modules.CompiledModule.<init>(CompiledModule.java:150)
	at org.python.pydev.editor.codecompletion.revisited.modules.CompiledModule.<init>(CompiledModule.java:125)
	at org.python.pydev.editor.codecompletion.revisited.ModulesManager.getModule(ModulesManager.java:883)
	at org.python.pydev.editor.codecompletion.revisited.ModulesManager.getModule(ModulesManager.java:717)
	at org.python.pydev.editor.codecompletion.revisited.SystemModulesManager.getRelativeModule(SystemModulesManager.java:139)
	at org.python.pydev.editor.codecompletion.revisited.AbstractASTManager.getModule(AbstractASTManager.java:447)
	at org.python.pydev.editor.codecompletion.revisited.AbstractASTManager.findModuleFromPath(AbstractASTManager.java:1451)
	at org.python.pydev.editor.codecompletion.revisited.AbstractASTManager.findOnImportedMods(AbstractASTManager.java:1310)
	at org.python.pydev.editor.codecompletion.revisited.AbstractASTManager.findOnImportedMods(AbstractASTManager.java:1221)
	at com.python.pydev.analysis.visitors.ImportChecker.visitImportToken(ImportChecker.java:186)
	at com.python.pydev.analysis.visitors.ImportChecker.visitImportToken(ImportChecker.java:167)
	at com.python.pydev.analysis.visitors.Scope.addImportTokens(Scope.java:173)
	at com.python.pydev.analysis.scopeanalysis.AbstractScopeAnalyzerVisitor.visitImport(AbstractScopeAnalyzerVisitor.java:549)
	at org.python.pydev.parser.jython.ast.Import.accept(Import.java:79)
	at org.python.pydev.parser.jython.ast.Module.traverse(Module.java:86)
	at com.python.pydev.analysis.scopeanalysis.AbstractScopeAnalyzerVisitor.traverse(AbstractScopeAnalyzerVisitor.java:193)
	at org.python.pydev.parser.jython.ast.VisitorBase.visitModule(VisitorBase.java:10)
	at org.python.pydev.parser.jython.ast.Module.accept(Module.java:79)
	at com.python.pydev.refactoring.wizards.rename.AbstractRenameRefactorProcess.getOccurrencesWithScopeAnalyzer(AbstractRenameRefactorProcess.java:257)
	at com.python.pydev.refactoring.wizards.rename.PyRenameAnyLocalProcess.findReferencesToRenameOnLocalScope(PyRenameAnyLocalProcess.java:37)
	at com.python.pydev.refactoring.wizards.rename.AbstractRenameRefactorProcess.findReferencesToRename(AbstractRenameRefactorProcess.java:181)
	at com.python.pydev.refactoring.wizards.rename.PyRenameEntryPoint.checkFinalConditions(PyRenameEntryPoint.java:258)
	at com.python.pydev.refactoring.wizards.rename.PyRenameEntryPoint.checkFinalConditions(PyRenameEntryPoint.java:227)
	at com.python.pydev.refactoring.markoccurrences.MarkOccurrencesJob.checkAnnotations(MarkOccurrencesJob.java:228)
	at com.python.pydev.refactoring.markoccurrences.MarkOccurrencesJob.run(MarkOccurrencesJob.java:127)
	at org.eclipse.core.internal.jobs.Worker.run(Worker.java:53)

!ENTRY org.python.pydev.shared_core 4 4 2017-05-05 22:37:00.346
!MESSAGE Error while getting info for module:__builtin__. Project: null
!STACK 0
java.lang.RuntimeException: Unable to create shell for CompiledModule: __builtin__
	at org.python.pydev.editor.codecompletion.revisited.modules.CompiledModule.getGlobalTokens(CompiledModule.java:329)
	at org.python.pydev.editor.codecompletion.revisited.AbstractASTManager.internalGenerateGetCompletionsForModule(AbstractASTManager.java:715)
	at org.python.pydev.editor.codecompletion.revisited.AbstractASTManager.getCompletionsForModule(AbstractASTManager.java:541)
	at org.python.pydev.editor.codecompletion.revisited.AbstractASTManager.getCompletionsForModule(AbstractASTManager.java:510)
	at org.python.pydev.editor.codecompletion.revisited.AbstractASTManager.getCompletionsForModule(AbstractASTManager.java:502)
	at org.python.pydev.editor.codecompletion.revisited.AbstractASTManager.getCompletionsForModule(AbstractASTManager.java:493)
	at org.python.pydev.editor.codecompletion.revisited.AbstractASTManager.internalGenerateGetCompletionsForModule(AbstractASTManager.java:723)
	at org.python.pydev.editor.codecompletion.revisited.AbstractASTManager.getCompletionsForModule(AbstractASTManager.java:541)
	at org.python.pydev.editor.codecompletion.revisited.AbstractASTManager.getCompletionsForModule(AbstractASTManager.java:510)
	at org.python.pydev.editor.codecompletion.revisited.AbstractASTManager.getCompletionsForModule(AbstractASTManager.java:502)
	at org.python.pydev.editor.codecompletion.revisited.modules.SourceModule.findGlobalTokDef(SourceModule.java:973)
	at org.python.pydev.editor.codecompletion.revisited.modules.SourceModule.findDefinitionsFromModAndTok(SourceModule.java:922)
	at org.python.pydev.editor.codecompletion.revisited.modules.SourceModule.findDefinition(SourceModule.java:904)
	at org.python.pydev.editor.codecompletion.revisited.modules.SourceModule.findDefinition(SourceModule.java:663)
	at org.python.pydev.editor.codecompletion.revisited.modules.SourceModule.findDefinition(SourceModule.java:1)
	at org.python.pydev.editor.refactoring.PyRefactoringFindDefinition.findActualDefinition(PyRefactoringFindDefinition.java:177)
	at org.python.pydev.editor.refactoring.PyRefactoringFindDefinition.findActualDefinition(PyRefactoringFindDefinition.java:79)
	at org.python.pydev.editor.hover.PyTextHover.getDocstringHover(PyTextHover.java:205)
	at org.python.pydev.editor.hover.PyTextHover.getHoverInfo(PyTextHover.java:149)
	at org.eclipse.jface.text.TextViewerHoverManager$4.run(TextViewerHoverManager.java:168)
Caused by: java.io.IOException: Port not bound (found port -1). Is there an enabled firewall?
	at org.python.pydev.shared_core.net.SocketUtil.checkValidPort(SocketUtil.java:69)
	at org.python.pydev.editor.codecompletion.shell.AbstractShell.startIt(AbstractShell.java:440)
	at org.python.pydev.editor.codecompletion.shell.AbstractShell.getServerShell(AbstractShell.java:322)
	at org.python.pydev.editor.codecompletion.shell.AbstractShell.getServerShell(AbstractShell.java:255)
	at org.python.pydev.editor.codecompletion.revisited.modules.CompiledModule.getGlobalTokens(CompiledModule.java:327)
	... 19 more

!ENTRY org.python.pydev.shared_core 4 4 2017-05-05 22:45:48.603
!MESSAGE Unhandled: ExtSlice[dims=[Slice[lower=null, upper=Name[id=nrows, ctx=Load, reserved=false], step=null], Slice[lower=null, upper=Name[id=ncols, ctx=Load, reserved=false], step=null]]]
!STACK 0
java.lang.RuntimeException: Unhandled: ExtSlice[dims=[Slice[lower=null, upper=Name[id=nrows, ctx=Load, reserved=false], step=null], Slice[lower=null, upper=Name[id=ncols, ctx=Load, reserved=false], step=null]]]
	at org.python.pydev.parser.prettyprinterv2.MakeAstValidForPrettyPrintingVisitor.unhandled_node(MakeAstValidForPrettyPrintingVisitor.java:105)
	at org.python.pydev.parser.jython.ast.VisitorBase.visitExtSlice(VisitorBase.java:345)
	at org.python.pydev.parser.jython.ast.ExtSlice.accept(ExtSlice.java:79)
	at org.python.pydev.parser.prettyprinterv2.MakeAstValidForPrettyPrintingVisitor.visitSubscript(MakeAstValidForPrettyPrintingVisitor.java:931)
	at org.python.pydev.parser.jython.ast.Subscript.accept(Subscript.java:93)
	at org.python.pydev.parser.prettyprinterv2.MakeAstValidForPrettyPrintingVisitor.visitAssign(MakeAstValidForPrettyPrintingVisitor.java:184)
	at org.python.pydev.parser.jython.ast.Assign.accept(Assign.java:90)
	at org.python.pydev.parser.prettyprinterv2.MakeAstValidForPrettyPrintingVisitor.visitFunctionDef(MakeAstValidForPrettyPrintingVisitor.java:861)
	at org.python.pydev.parser.jython.ast.FunctionDef.accept(FunctionDef.java:131)
	at org.python.pydev.parser.prettyprinterv2.MakeAstValidForPrettyPrintingVisitor.makeValid(MakeAstValidForPrettyPrintingVisitor.java:171)
	at org.python.pydev.editor.hover.PyTextHover.getDocstringHover(PyTextHover.java:237)
	at org.python.pydev.editor.hover.PyTextHover.getHoverInfo(PyTextHover.java:149)
	at org.eclipse.jface.text.TextViewerHoverManager$4.run(TextViewerHoverManager.java:168)

!ENTRY org.python.pydev.shared_core 4 4 2017-05-05 22:45:53.864
!MESSAGE Error while getting info for module:__builtin__. Project: null
!STACK 0
java.lang.RuntimeException: Unable to create shell for CompiledModule: __builtin__
	at org.python.pydev.editor.codecompletion.revisited.modules.CompiledModule.getGlobalTokens(CompiledModule.java:329)
	at org.python.pydev.editor.codecompletion.revisited.AbstractASTManager.internalGenerateGetCompletionsForModule(AbstractASTManager.java:715)
	at org.python.pydev.editor.codecompletion.revisited.AbstractASTManager.getCompletionsForModule(AbstractASTManager.java:541)
	at org.python.pydev.editor.codecompletion.revisited.AbstractASTManager.getCompletionsForModule(AbstractASTManager.java:510)
	at org.python.pydev.editor.codecompletion.revisited.AbstractASTManager.getCompletionsForModule(AbstractASTManager.java:502)
	at org.python.pydev.editor.codecompletion.revisited.AbstractASTManager.getCompletionsForModule(AbstractASTManager.java:493)
	at org.python.pydev.editor.codecompletion.revisited.AbstractASTManager.internalGenerateGetCompletionsForModule(AbstractASTManager.java:723)
	at org.python.pydev.editor.codecompletion.revisited.AbstractASTManager.getCompletionsForModule(AbstractASTManager.java:541)
	at org.python.pydev.editor.codecompletion.revisited.AbstractASTManager.getCompletionsForModule(AbstractASTManager.java:510)
	at org.python.pydev.editor.codecompletion.revisited.AbstractASTManager.getCompletionsForModule(AbstractASTManager.java:502)
	at org.python.pydev.editor.codecompletion.revisited.modules.SourceModule.findGlobalTokDef(SourceModule.java:973)
	at org.python.pydev.editor.codecompletion.revisited.modules.SourceModule.findDefinitionsFromModAndTok(SourceModule.java:922)
	at org.python.pydev.editor.codecompletion.revisited.modules.SourceModule.findDefinition(SourceModule.java:904)
	at org.python.pydev.editor.codecompletion.revisited.modules.SourceModule.findDefinition(SourceModule.java:663)
	at org.python.pydev.editor.codecompletion.revisited.modules.SourceModule.findDefinition(SourceModule.java:1)
	at org.python.pydev.editor.refactoring.PyRefactoringFindDefinition.findActualDefinition(PyRefactoringFindDefinition.java:177)
	at org.python.pydev.editor.refactoring.PyRefactoringFindDefinition.findActualDefinition(PyRefactoringFindDefinition.java:79)
	at org.python.pydev.editor.hover.PyTextHover.getDocstringHover(PyTextHover.java:205)
	at org.python.pydev.editor.hover.PyTextHover.getHoverInfo(PyTextHover.java:149)
	at org.eclipse.jface.text.TextViewerHoverManager$4.run(TextViewerHoverManager.java:168)
Caused by: java.io.IOException: Port not bound (found port -1). Is there an enabled firewall?
	at org.python.pydev.shared_core.net.SocketUtil.checkValidPort(SocketUtil.java:69)
	at org.python.pydev.editor.codecompletion.shell.AbstractShell.startIt(AbstractShell.java:440)
	at org.python.pydev.editor.codecompletion.shell.AbstractShell.getServerShell(AbstractShell.java:322)
	at org.python.pydev.editor.codecompletion.shell.AbstractShell.getServerShell(AbstractShell.java:255)
	at org.python.pydev.editor.codecompletion.revisited.modules.CompiledModule.getGlobalTokens(CompiledModule.java:327)
	... 19 more

!ENTRY org.python.pydev.shared_core 4 4 2017-05-05 22:54:22.290
!MESSAGE Error while getting info for module:__builtin__. Project: null
!STACK 0
java.lang.RuntimeException: Unable to create shell for CompiledModule: __builtin__
	at org.python.pydev.editor.codecompletion.revisited.modules.CompiledModule.getGlobalTokens(CompiledModule.java:329)
	at org.python.pydev.editor.codecompletion.revisited.AbstractASTManager.internalGenerateGetCompletionsForModule(AbstractASTManager.java:715)
	at org.python.pydev.editor.codecompletion.revisited.AbstractASTManager.getCompletionsForModule(AbstractASTManager.java:541)
	at org.python.pydev.editor.codecompletion.revisited.AbstractASTManager.getCompletionsForModule(AbstractASTManager.java:510)
	at org.python.pydev.editor.codecompletion.revisited.AbstractASTManager.getCompletionsForModule(AbstractASTManager.java:502)
	at org.python.pydev.editor.codecompletion.revisited.AbstractASTManager.getCompletionsForModule(AbstractASTManager.java:493)
	at org.python.pydev.editor.codecompletion.revisited.AbstractASTManager.internalGenerateGetCompletionsForModule(AbstractASTManager.java:723)
	at org.python.pydev.editor.codecompletion.revisited.AbstractASTManager.getCompletionsForModule(AbstractASTManager.java:541)
	at org.python.pydev.editor.codecompletion.revisited.AbstractASTManager.getCompletionsForModule(AbstractASTManager.java:510)
	at org.python.pydev.editor.codecompletion.revisited.AbstractASTManager.getCompletionsForModule(AbstractASTManager.java:502)
	at org.python.pydev.editor.codecompletion.revisited.modules.SourceModule.findGlobalTokDef(SourceModule.java:973)
	at org.python.pydev.editor.codecompletion.revisited.modules.SourceModule.findDefinitionsFromModAndTok(SourceModule.java:922)
	at org.python.pydev.editor.codecompletion.revisited.modules.SourceModule.findDefinition(SourceModule.java:904)
	at org.python.pydev.editor.codecompletion.revisited.modules.SourceModule.findDefinition(SourceModule.java:663)
	at org.python.pydev.editor.codecompletion.revisited.modules.SourceModule.findDefinition(SourceModule.java:1)
	at org.python.pydev.editor.refactoring.PyRefactoringFindDefinition.findActualDefinition(PyRefactoringFindDefinition.java:177)
	at org.python.pydev.editor.refactoring.PyRefactoringFindDefinition.findActualDefinition(PyRefactoringFindDefinition.java:79)
	at org.python.pydev.editor.hover.PyTextHover.getDocstringHover(PyTextHover.java:205)
	at org.python.pydev.editor.hover.PyTextHover.getHoverInfo(PyTextHover.java:149)
	at org.eclipse.jface.text.TextViewerHoverManager$4.run(TextViewerHoverManager.java:168)
Caused by: java.io.IOException: Port not bound (found port -1). Is there an enabled firewall?
	at org.python.pydev.shared_core.net.SocketUtil.checkValidPort(SocketUtil.java:69)
	at org.python.pydev.editor.codecompletion.shell.AbstractShell.startIt(AbstractShell.java:440)
	at org.python.pydev.editor.codecompletion.shell.AbstractShell.getServerShell(AbstractShell.java:322)
	at org.python.pydev.editor.codecompletion.shell.AbstractShell.getServerShell(AbstractShell.java:255)
	at org.python.pydev.editor.codecompletion.revisited.modules.CompiledModule.getGlobalTokens(CompiledModule.java:327)
	... 19 more
